
> frontend@0.0.0 build
> vite build

[36mvite v8.0.3 [32mbuilding client environment for production...[36m[39m
[2K
transforming...??? 440 modules transformed.
[31m???[39m Build failed in 95ms
[31merror during build:
[31mBuild failed with 1 error:

[plugin @tailwindcss/vite:generate:build] C:/Users/HARIHARAN/Documents/Kokilaprinters 1/frontend/src/index.css
Error: Can't resolve 'tailwindcss' in 'C:\Users\HARIHARAN\Documents\Kokilaprinters 1\frontend\src'
    at finishWithoutResolve (C:\Users\HARIHARAN\Documents\Kokilaprinters 1\frontend\node_modules\enhanced-resolve\lib\Resolver.js:587:18)
    at C:\Users\HARIHARAN\Documents\Kokilaprinters 1\frontend\node_modules\enhanced-resolve\lib\Resolver.js:679:14
    at C:\Users\HARIHARAN\Documents\Kokilaprinters 1\frontend\node_modules\enhanced-resolve\lib\Resolver.js:740:5
    at eval (eval at create (C:\Users\HARIHARAN\Documents\Kokilaprinters 1\frontend\node_modules\tapable\lib\HookCodeFactory.js:31:10), <anonymous>:15:1)
    at C:\Users\HARIHARAN\Documents\Kokilaprinters 1\frontend\node_modules\enhanced-resolve\lib\Resolver.js:740:5
    at eval (eval at create (C:\Users\HARIHARAN\Documents\Kokilaprinters 1\frontend\node_modules\tapable\lib\HookCodeFactory.js:31:10), <anonymous>:27:1)
    at C:\Users\HARIHARAN\Documents\Kokilaprinters 1\frontend\node_modules\enhanced-resolve\lib\DescriptionFilePlugin.js:89:43
    at C:\Users\HARIHARAN\Documents\Kokilaprinters 1\frontend\node_modules\enhanced-resolve\lib\Resolver.js:740:5
    at eval (eval at create (C:\Users\HARIHARAN\Documents\Kokilaprinters 1\frontend\node_modules\tapable\lib\HookCodeFactory.js:31:10), <anonymous>:15:1)
    at C:\Users\HARIHARAN\Documents\Kokilaprinters 1\frontend\node_modules\enhanced-resolve\lib\Resolver.js:740:5[31m
    at aggregateBindingErrorsIntoJsError (file:///C:/Users/HARIHARAN/Documents/Kokilaprinters%201/frontend/node_modules/rolldown/dist/shared/error-BLhcSyeg.mjs:48:18)
    at unwrapBindingResult (file:///C:/Users/HARIHARAN/Documents/Kokilaprinters%201/frontend/node_modules/rolldown/dist/shared/error-BLhcSyeg.mjs:18:128)
    at #build (file:///C:/Users/HARIHARAN/Documents/Kokilaprinters%201/frontend/node_modules/rolldown/dist/shared/rolldown-build-CPrIX9V6.mjs:3313:34)
    at async buildEnvironment (file:///C:/Users/HARIHARAN/Documents/Kokilaprinters%201/frontend/node_modules/vite/dist/node/chunks/node.js:32849:64)
    at async Object.build (file:///C:/Users/HARIHARAN/Documents/Kokilaprinters%201/frontend/node_modules/vite/dist/node/chunks/node.js:33271:19)
    at async Object.buildApp (file:///C:/Users/HARIHARAN/Documents/Kokilaprinters%201/frontend/node_modules/vite/dist/node/chunks/node.js:33268:153)
    at async CAC.<anonymous> (file:///C:/Users/HARIHARAN/Documents/Kokilaprinters%201/frontend/node_modules/vite/dist/node/cli.js:778:3) {
  errors: [Getter/Setter]
}[39m
